# Logfile created on 2019-03-05 10:21:05 +0300 by logger.rb/61378
I, [2019-03-05T10:21:15.749899 #42945]  INFO -- : Request: GET /
I, [2019-03-05T10:21:16.020214 #42945]  INFO -- : Request: GET /favicon.ico
I, [2019-03-05T10:22:32.024054 #43111]  INFO -- : Request: GET /
I, [2019-03-05T10:22:32.175057 #43111]  INFO -- : Request: GET /favicon.ico
I, [2019-03-05T10:24:12.476640 #43314]  INFO -- : Request: GET /
I, [2019-03-05T10:24:12.476791 #43314]  INFO -- : Handler: Controller#
I, [2019-03-05T10:24:12.476835 #43314]  INFO -- : Parameters: 
I, [2019-03-05T10:24:12.648820 #43314]  INFO -- : Request: GET /favicon.ico
I, [2019-03-05T10:24:12.648898 #43314]  INFO -- : Handler: Controller#
I, [2019-03-05T10:24:12.648932 #43314]  INFO -- : Parameters: 
I, [2019-03-05T10:24:36.586775 #43462]  INFO -- : Request: GET /
I, [2019-03-05T10:24:36.586952 #43462]  INFO -- : Handler: Controller#
I, [2019-03-05T10:24:36.586999 #43462]  INFO -- : Parameters: 
I, [2019-03-05T10:24:36.587033 #43462]  INFO -- : Response: 404 Not Found [] 
I, [2019-03-05T10:25:57.313685 #43727]  INFO -- : Request: GET /
I, [2019-03-05T10:25:57.313802 #43727]  INFO -- : Response: 404 Not Found [] 
I, [2019-03-05T10:26:11.444941 #43727]  INFO -- : Request: GET /favicon.ico
I, [2019-03-05T10:26:11.445057 #43727]  INFO -- : Response: 404 Not Found [] 
I, [2019-03-05T10:26:34.172484 #43955]  INFO -- : Request: GET /tests
I, [2019-03-05T10:26:34.172569 #43955]  INFO -- : Handler: TestsController#index
I, [2019-03-05T10:26:34.172637 #43955]  INFO -- : Parameters: {}
I, [2019-03-05T10:26:34.172672 #43955]  INFO -- : Response: 200 OK [text/html] tests/index.html.erb
I, [2019-03-05T10:26:36.166954 #43955]  INFO -- : Request: GET /tests
I, [2019-03-05T10:26:36.167031 #43955]  INFO -- : Handler: TestsController#index
I, [2019-03-05T10:26:36.167075 #43955]  INFO -- : Parameters: {}
I, [2019-03-05T10:26:36.167117 #43955]  INFO -- : Response: 200 OK [text/html] tests/index.html.erb
I, [2019-03-05T10:26:36.935151 #43955]  INFO -- : Request: GET /tests
I, [2019-03-05T10:26:36.935237 #43955]  INFO -- : Handler: TestsController#index
I, [2019-03-05T10:26:36.935294 #43955]  INFO -- : Parameters: {}
I, [2019-03-05T10:26:36.935377 #43955]  INFO -- : Response: 200 OK [text/html] tests/index.html.erb
I, [2019-03-05T10:26:37.300186 #43955]  INFO -- : Request: GET /tests
I, [2019-03-05T10:26:37.300273 #43955]  INFO -- : Handler: TestsController#index
I, [2019-03-05T10:26:37.300326 #43955]  INFO -- : Parameters: {}
I, [2019-03-05T10:26:37.300378 #43955]  INFO -- : Response: 200 OK [text/html] tests/index.html.erb
I, [2019-03-05T10:26:37.485535 #43955]  INFO -- : Request: GET /tests
I, [2019-03-05T10:26:37.485611 #43955]  INFO -- : Handler: TestsController#index
I, [2019-03-05T10:26:37.485653 #43955]  INFO -- : Parameters: {}
I, [2019-03-05T10:26:37.485690 #43955]  INFO -- : Response: 200 OK [text/html] tests/index.html.erb
I, [2019-03-05T10:26:37.648582 #43955]  INFO -- : Request: GET /tests
I, [2019-03-05T10:26:37.648669 #43955]  INFO -- : Handler: TestsController#index
I, [2019-03-05T10:26:37.648720 #43955]  INFO -- : Parameters: {}
I, [2019-03-05T10:26:37.648766 #43955]  INFO -- : Response: 200 OK [text/html] tests/index.html.erb
I, [2019-03-05T10:26:37.801147 #43955]  INFO -- : Request: GET /tests
I, [2019-03-05T10:26:37.801218 #43955]  INFO -- : Handler: TestsController#index
I, [2019-03-05T10:26:37.801254 #43955]  INFO -- : Parameters: {}
I, [2019-03-05T10:26:37.801287 #43955]  INFO -- : Response: 200 OK [text/html] tests/index.html.erb
I, [2019-03-05T10:26:37.948075 #43955]  INFO -- : Request: GET /tests
I, [2019-03-05T10:26:37.948140 #43955]  INFO -- : Handler: TestsController#index
I, [2019-03-05T10:26:37.948173 #43955]  INFO -- : Parameters: {}
I, [2019-03-05T10:26:37.948204 #43955]  INFO -- : Response: 200 OK [text/html] tests/index.html.erb
I, [2019-03-05T10:26:38.085620 #43955]  INFO -- : Request: GET /tests
I, [2019-03-05T10:26:38.085704 #43955]  INFO -- : Handler: TestsController#index
I, [2019-03-05T10:26:38.085749 #43955]  INFO -- : Parameters: {}
I, [2019-03-05T10:26:38.085794 #43955]  INFO -- : Response: 200 OK [text/html] tests/index.html.erb
I, [2019-03-05T10:26:38.208168 #43955]  INFO -- : Request: GET /tests
I, [2019-03-05T10:26:38.208238 #43955]  INFO -- : Handler: TestsController#index
I, [2019-03-05T10:26:38.208273 #43955]  INFO -- : Parameters: {}
I, [2019-03-05T10:26:38.208306 #43955]  INFO -- : Response: 200 OK [text/html] tests/index.html.erb
I, [2019-03-05T10:26:48.169347 #43955]  INFO -- : Request: GET /tests/10
I, [2019-03-05T10:26:48.169433 #43955]  INFO -- : Handler: TestsController#show
I, [2019-03-05T10:26:48.169479 #43955]  INFO -- : Parameters: {:id=>"10"}
I, [2019-03-05T10:26:48.169520 #43955]  INFO -- : Response: 200 OK [text/html] 
